<?xml version="1.0" encoding="UTF-8"?>
<testsuites>
  <testsuite name="fastlane.lanes">
    
    
    
      
      <testcase classname="fastlane.lanes" name="0: Verifying fastlane version" time="0.028194">
        
      </testcase>
    
      
      <testcase classname="fastlane.lanes" name="1: default_platform" time="0.002486">
        
      </testcase>
    
      
      <testcase classname="fastlane.lanes" name="2: Switch to android build lane" time="0.001456">
        
      </testcase>
    
      
      <testcase classname="fastlane.lanes" name="3: gradle" time="6.976614">
        
      </testcase>
    
      
      <testcase classname="fastlane.lanes" name="4: build_android_app" time="86.17141">
        
      </testcase>
    
      
      <testcase classname="fastlane.lanes" name="5: changelog_from_git_commits" time="0.056388">
        
      </testcase>
    
      
      <testcase classname="fastlane.lanes" name="6: crashlytics" time="2.885675">
        
          <failure message="/Library/Ruby/Gems/2.3.0/gems/fastlane-2.116.0/fastlane/lib/fastlane/actions/actions_helper.rb:48:in `execute_action'&#10;/Library/Ruby/Gems/2.3.0/gems/fastlane-2.116.0/fastlane/lib/fastlane/runner.rb:232:in `block in execute_action'&#10;/Library/Ruby/Gems/2.3.0/gems/fastlane-2.116.0/fastlane/lib/fastlane/runner.rb:227:in `chdir'&#10;/Library/Ruby/Gems/2.3.0/gems/fastlane-2.116.0/fastlane/lib/fastlane/runner.rb:227:in `execute_action'&#10;/Library/Ruby/Gems/2.3.0/gems/fastlane-2.116.0/fastlane/lib/fastlane/runner.rb:157:in `trigger_action_by_name'&#10;/Library/Ruby/Gems/2.3.0/gems/fastlane-2.116.0/fastlane/lib/fastlane/fast_file.rb:154:in `method_missing'&#10;Fastfile:35:in `block (2 levels) in parsing_binding'&#10;/Library/Ruby/Gems/2.3.0/gems/fastlane-2.116.0/fastlane/lib/fastlane/lane.rb:33:in `call'&#10;/Library/Ruby/Gems/2.3.0/gems/fastlane-2.116.0/fastlane/lib/fastlane/runner.rb:49:in `block in execute'&#10;/Library/Ruby/Gems/2.3.0/gems/fastlane-2.116.0/fastlane/lib/fastlane/runner.rb:45:in `chdir'&#10;/Library/Ruby/Gems/2.3.0/gems/fastlane-2.116.0/fastlane/lib/fastlane/runner.rb:45:in `execute'&#10;/Library/Ruby/Gems/2.3.0/gems/fastlane-2.116.0/fastlane/lib/fastlane/lane_manager.rb:56:in `cruise_lane'&#10;/Library/Ruby/Gems/2.3.0/gems/fastlane-2.116.0/fastlane/lib/fastlane/command_line_handler.rb:36:in `handle'&#10;/Library/Ruby/Gems/2.3.0/gems/fastlane-2.116.0/fastlane/lib/fastlane/commands_generator.rb:108:in `block (2 levels) in run'&#10;/Library/Ruby/Gems/2.3.0/gems/commander-fastlane-4.4.6/lib/commander/command.rb:178:in `call'&#10;/Library/Ruby/Gems/2.3.0/gems/commander-fastlane-4.4.6/lib/commander/command.rb:153:in `run'&#10;/Library/Ruby/Gems/2.3.0/gems/commander-fastlane-4.4.6/lib/commander/runner.rb:476:in `run_active_command'&#10;/Library/Ruby/Gems/2.3.0/gems/fastlane-2.116.0/fastlane_core/lib/fastlane_core/ui/fastlane_runner.rb:76:in `run!'&#10;/Library/Ruby/Gems/2.3.0/gems/commander-fastlane-4.4.6/lib/commander/delegates.rb:15:in `run!'&#10;/Library/Ruby/Gems/2.3.0/gems/fastlane-2.116.0/fastlane/lib/fastlane/commands_generator.rb:333:in `run'&#10;/Library/Ruby/Gems/2.3.0/gems/fastlane-2.116.0/fastlane/lib/fastlane/commands_generator.rb:41:in `start'&#10;/Library/Ruby/Gems/2.3.0/gems/fastlane-2.116.0/fastlane/lib/fastlane/cli_tools_distributor.rb:113:in `take_off'&#10;/Library/Ruby/Gems/2.3.0/gems/fastlane-2.116.0/bin/fastlane:23:in `&lt;top (required)&gt;'&#10;/usr/local/bin/fastlane:22:in `load'&#10;/usr/local/bin/fastlane:22:in `&lt;main&gt;'&#10;&#10; WARN - Crashlytics had a problem uploading the distribution. Project estadio97 is inactive&#10;Exception in thread &quot;main&quot; com.crashlytics.tools.android.exception.PluginException: Distribution upload failed.&#10;	at com.crashlytics.tools.android.DeveloperTools.processProperties(DeveloperTools.java:667)&#10;	at com.crashlytics.tools.android.DeveloperTools.processArgsInternal(DeveloperTools.java:348)&#10;	at com.crashlytics.tools.android.DeveloperTools.main(DeveloperTools.java:273)&#10;Caused by: com.crashlytics.tools.android.exception.DistributionException: Crashlytics halted compilation because it had a problem uploading the distribution.Project estadio97 is inactive&#10;	at com.crashlytics.tools.android.DistributionTasks.uploadDistribution(DistributionTasks.java:91)&#10;	at com.crashlytics.tools.android.DeveloperTools.processProperties(DeveloperTools.java:665)&#10;	... 2 more&#10;" />
        
      </testcase>
    
  </testsuite>
</testsuites>
